<?xml version="1.0" encoding="UTF-8"?>
<!-- Generated by org.testng.reporters.JUnitXMLReporter -->
<testsuite hostname="LAPTOP-FOVU4HFP" ignored="0" name="Default test" tests="5" failures="0" timestamp="12 Jan 2020 07:03:50 GMT" time="37.66" errors="0">
  <testcase name="createEmployees" time="11.479" classname="com.employeeapi.testCases.TC007_Post_Employees_Records"/>
  <testcase name="createEmployees" time="5.852" classname="com.employeeapi.testCases.TC007_Post_Employees_Records"/>
  <testcase name="createEmployees" time="6.065" classname="com.employeeapi.testCases.TC007_Post_Employees_Records"/>
  <testcase name="createEmployees" time="5.855" classname="com.employeeapi.testCases.TC007_Post_Employees_Records"/>
  <testcase name="createEmployees" time="5.91" classname="com.employeeapi.testCases.TC007_Post_Employees_Records"/>
</testsuite> <!-- Default test -->
