<?xml version="1.0" encoding="UTF-8"?>
<!-- Generated by org.testng.reporters.JUnitXMLReporter -->
<testsuite hostname="LAPTOP-FOVU4HFP" ignored="0" name="EmployeesRestAPITest" tests="38" failures="14" timestamp="12 Jan 2020 07:20:49 GMT" time="61.061" errors="0">
  <testcase name="checkContentLenght" time="0.01" classname="com.employeeapi.testCases.TC001_Get_All_Employees"/>
  <testcase name="checkContentType" time="0.005" classname="com.employeeapi.testCases.TC001_Get_All_Employees">
    <failure type="java.lang.AssertionError" message="expected [text/html; charset=UTF-8] but found [application/json;charset=utf-8]">
      <![CDATA[java.lang.AssertionError: expected [text/html; charset=UTF-8] but found [application/json;charset=utf-8]
at com.employeeapi.testCases.TC001_Get_All_Employees.checkContentType(TC001_Get_All_Employees.java:87)
... Removed 31 stack frames]]>
    </failure>
  </testcase> <!-- checkContentType -->
  <testcase name="checkCookies" time="0.004" classname="com.employeeapi.testCases.TC001_Get_All_Employees">
    <failure type="java.lang.AssertionError" message="expected [1esuvsfslcmiee2bfrsgnijtg0] but found [9a184f0f9950d4b6f0c817b578431eb2]">
      <![CDATA[java.lang.AssertionError: expected [1esuvsfslcmiee2bfrsgnijtg0] but found [9a184f0f9950d4b6f0c817b578431eb2]
at com.employeeapi.testCases.TC001_Get_All_Employees.checkCookies(TC001_Get_All_Employees.java:134)
... Removed 31 stack frames]]>
    </failure>
  </testcase> <!-- checkCookies -->
  <testcase name="checkResponseTime" time="0.004" classname="com.employeeapi.testCases.TC001_Get_All_Employees"/>
  <testcase name="checkResposeBody" time="0.038" classname="com.employeeapi.testCases.TC001_Get_All_Employees"/>
  <testcase name="checkStatusCode" time="0.002" classname="com.employeeapi.testCases.TC001_Get_All_Employees"/>
  <testcase name="checkcontentEncoding" time="0.01" classname="com.employeeapi.testCases.TC001_Get_All_Employees">
    <failure type="java.lang.AssertionError" message="expected [gzip] but found [null]">
      <![CDATA[java.lang.AssertionError: expected [gzip] but found [null]
at com.employeeapi.testCases.TC001_Get_All_Employees.checkcontentEncoding(TC001_Get_All_Employees.java:108)
... Removed 31 stack frames]]>
    </failure>
  </testcase> <!-- checkcontentEncoding -->
  <testcase name="checkserverType" time="0.006" classname="com.employeeapi.testCases.TC001_Get_All_Employees">
    <failure type="java.lang.AssertionError" message="expected [Apache] but found [nginx/1.16.0]">
      <![CDATA[java.lang.AssertionError: expected [Apache] but found [nginx/1.16.0]
at com.employeeapi.testCases.TC001_Get_All_Employees.checkserverType(TC001_Get_All_Employees.java:97)
... Removed 31 stack frames]]>
    </failure>
  </testcase> <!-- checkserverType -->
  <testcase name="checkstatusLine" time="0.004" classname="com.employeeapi.testCases.TC001_Get_All_Employees"/>
  <testcase name="checkContentLenght" time="0.001" classname="com.employeeapi.testCases.TC002_Get_Single_Employee_Record"/>
  <testcase name="checkContentType" time="0.002" classname="com.employeeapi.testCases.TC002_Get_Single_Employee_Record">
    <failure type="java.lang.AssertionError" message="expected [text/html; charset=UTF-8] but found [application/json;charset=utf-8]">
      <![CDATA[java.lang.AssertionError: expected [text/html; charset=UTF-8] but found [application/json;charset=utf-8]
at com.employeeapi.testCases.TC002_Get_Single_Employee_Record.checkContentType(TC002_Get_Single_Employee_Record.java:68)
... Removed 31 stack frames]]>
    </failure>
  </testcase> <!-- checkContentType -->
  <testcase name="checkResponseTime" time="0.001" classname="com.employeeapi.testCases.TC002_Get_Single_Employee_Record"/>
  <testcase name="checkResposeBody" time="0.002" classname="com.employeeapi.testCases.TC002_Get_Single_Employee_Record">
    <failure type="java.lang.AssertionError" message="expected [true] but found [false]">
      <![CDATA[java.lang.AssertionError: expected [true] but found [false]
at com.employeeapi.testCases.TC002_Get_Single_Employee_Record.checkResposeBody(TC002_Get_Single_Employee_Record.java:38)
... Removed 31 stack frames]]>
    </failure>
  </testcase> <!-- checkResposeBody -->
  <testcase name="checkStatusCode" time="0.004" classname="com.employeeapi.testCases.TC002_Get_Single_Employee_Record"/>
  <testcase name="checkserverType" time="0.002" classname="com.employeeapi.testCases.TC002_Get_Single_Employee_Record">
    <failure type="java.lang.AssertionError" message="expected [Apache] but found [nginx/1.16.0]">
      <![CDATA[java.lang.AssertionError: expected [Apache] but found [nginx/1.16.0]
at com.employeeapi.testCases.TC002_Get_Single_Employee_Record.checkserverType(TC002_Get_Single_Employee_Record.java:75)
... Removed 31 stack frames]]>
    </failure>
  </testcase> <!-- checkserverType -->
  <testcase name="checkstatusLine" time="0.001" classname="com.employeeapi.testCases.TC002_Get_Single_Employee_Record"/>
  <testcase name="checkContentType" time="0.001" classname="com.employeeapi.testCases.TC003_Post_Employee_Record"/>
  <testcase name="checkStatusCode" time="0.001" classname="com.employeeapi.testCases.TC003_Post_Employee_Record"/>
  <testcase name="checkcontentEncoding" time="0.002" classname="com.employeeapi.testCases.TC003_Post_Employee_Record">
    <failure type="java.lang.AssertionError" message="expected [gzip] but found [null]">
      <![CDATA[java.lang.AssertionError: expected [gzip] but found [null]
at com.employeeapi.testCases.TC003_Post_Employee_Record.checkcontentEncoding(TC003_Post_Employee_Record.java:95)
... Removed 31 stack frames]]>
    </failure>
  </testcase> <!-- checkcontentEncoding -->
  <testcase name="checkserverType" time="0.001" classname="com.employeeapi.testCases.TC003_Post_Employee_Record">
    <failure type="java.lang.AssertionError" message="expected [Apache] but found [nginx/1.16.0]">
      <![CDATA[java.lang.AssertionError: expected [Apache] but found [nginx/1.16.0]
at com.employeeapi.testCases.TC003_Post_Employee_Record.checkserverType(TC003_Post_Employee_Record.java:88)
... Removed 31 stack frames]]>
    </failure>
  </testcase> <!-- checkserverType -->
  <testcase name="checkstatusLine" time="0.001" classname="com.employeeapi.testCases.TC003_Post_Employee_Record"/>
  <testcase name="checkContentType" time="0.001" classname="com.employeeapi.testCases.TC004_Put_Employee_Record"/>
  <testcase name="checkStatusCode" time="0.001" classname="com.employeeapi.testCases.TC004_Put_Employee_Record"/>
  <testcase name="checkcontentEncoding" time="0.002" classname="com.employeeapi.testCases.TC004_Put_Employee_Record">
    <failure type="java.lang.AssertionError" message="expected [gzip] but found [null]">
      <![CDATA[java.lang.AssertionError: expected [gzip] but found [null]
at com.employeeapi.testCases.TC004_Put_Employee_Record.checkcontentEncoding(TC004_Put_Employee_Record.java:95)
... Removed 31 stack frames]]>
    </failure>
  </testcase> <!-- checkcontentEncoding -->
  <testcase name="checkserverType" time="0.001" classname="com.employeeapi.testCases.TC004_Put_Employee_Record">
    <failure type="java.lang.AssertionError" message="expected [Apache] but found [nginx/1.16.0]">
      <![CDATA[java.lang.AssertionError: expected [Apache] but found [nginx/1.16.0]
at com.employeeapi.testCases.TC004_Put_Employee_Record.checkserverType(TC004_Put_Employee_Record.java:88)
... Removed 31 stack frames]]>
    </failure>
  </testcase> <!-- checkserverType -->
  <testcase name="checkstatusLine" time="0.003" classname="com.employeeapi.testCases.TC004_Put_Employee_Record"/>
  <testcase name="checkContentType" time="0.001" classname="com.employeeapi.testCases.TC005_Delete_Employee_Record">
    <failure type="java.lang.AssertionError" message="expected [text/html; charset=UTF-8] but found [application/json;charset=utf-8]">
      <![CDATA[java.lang.AssertionError: expected [text/html; charset=UTF-8] but found [application/json;charset=utf-8]
at com.employeeapi.testCases.TC005_Delete_Employee_Record.checkContentType(TC005_Delete_Employee_Record.java:69)
... Removed 31 stack frames]]>
    </failure>
  </testcase> <!-- checkContentType -->
  <testcase name="checkResposeBody" time="0.001" classname="com.employeeapi.testCases.TC005_Delete_Employee_Record"/>
  <testcase name="checkStatusCode" time="0.0" classname="com.employeeapi.testCases.TC005_Delete_Employee_Record"/>
  <testcase name="checkcontentEncoding" time="0.001" classname="com.employeeapi.testCases.TC005_Delete_Employee_Record">
    <failure type="java.lang.AssertionError" message="expected [gzip] but found [null]">
      <![CDATA[java.lang.AssertionError: expected [gzip] but found [null]
at com.employeeapi.testCases.TC005_Delete_Employee_Record.checkcontentEncoding(TC005_Delete_Employee_Record.java:83)
... Removed 31 stack frames]]>
    </failure>
  </testcase> <!-- checkcontentEncoding -->
  <testcase name="checkserverType" time="0.001" classname="com.employeeapi.testCases.TC005_Delete_Employee_Record">
    <failure type="java.lang.AssertionError" message="expected [Apache] but found [nginx/1.16.0]">
      <![CDATA[java.lang.AssertionError: expected [Apache] but found [nginx/1.16.0]
at com.employeeapi.testCases.TC005_Delete_Employee_Record.checkserverType(TC005_Delete_Employee_Record.java:76)
... Removed 31 stack frames]]>
    </failure>
  </testcase> <!-- checkserverType -->
  <testcase name="checkstatusLine" time="0.007" classname="com.employeeapi.testCases.TC005_Delete_Employee_Record"/>
  <testcase name="checkStatusCode" time="0.001" classname="com.employeeapi.testCases.TC006_Get_Request_Authorization"/>
  <testcase name="createEmployees" time="5.824" classname="com.employeeapi.testCases.TC007_Post_Employees_Records"/>
  <testcase name="createEmployees" time="6.172" classname="com.employeeapi.testCases.TC007_Post_Employees_Records"/>
  <testcase name="createEmployees" time="5.835" classname="com.employeeapi.testCases.TC007_Post_Employees_Records"/>
  <testcase name="createEmployees" time="5.819" classname="com.employeeapi.testCases.TC007_Post_Employees_Records"/>
  <testcase name="createEmployees" time="5.8" classname="com.employeeapi.testCases.TC007_Post_Employees_Records"/>
</testsuite> <!-- EmployeesRestAPITest -->
